[2025-04-06 17:31:31] User ID: 2
[2025-04-06 17:31:31] User found: {"F-Name":"Ardalan","L-Name":"Farzan"}
[2025-04-06 17:31:31] Hotel reservations fetched: 17
[2025-04-06 17:31:31] Doctor reservations fetched: 1
[2025-04-06 17:31:31] Hospital reservations fetched: 0
[2025-04-06 17:31:31] Total reservations: 18
[2025-04-06 17:31:42] User ID: 2
[2025-04-06 17:31:42] User found: {"F-Name":"Ardalan","L-Name":"Farzan"}
[2025-04-06 17:31:42] Hotel reservations fetched: 17
[2025-04-06 17:31:42] Doctor reservations fetched: 1
[2025-04-06 17:31:42] Hospital reservations fetched: 0
[2025-04-06 17:31:42] Total reservations: 18
[2025-04-06 17:32:08] User ID: 2
[2025-04-06 17:32:08] User found: {"F-Name":"Ardalan","L-Name":"Farzan"}
[2025-04-06 17:32:08] Hotel reservations fetched: 17
[2025-04-06 17:32:08] Doctor reservations fetched: 1
[2025-04-06 17:32:08] Hospital reservations fetched: 0
[2025-04-06 17:32:08] Total reservations: 18
[2025-04-09 11:57:06] User ID: 2
[2025-04-09 11:57:06] User found: {"F-Name":"Ardalan","L-Name":"Farzan"}
[2025-04-09 11:57:06] Hotel reservations fetched: 17
[2025-04-09 11:57:06] Doctor reservations fetched: 1
[2025-04-09 11:57:06] Hospital reservations fetched: 1
[2025-04-09 11:57:06] Total reservations: 19
[2025-04-09 11:58:04] User ID: 2
[2025-04-09 11:58:04] User found: {"F-Name":"Ardalan","L-Name":"Farzan"}
[2025-04-09 11:58:04] Hotel reservations fetched: 17
[2025-04-09 11:58:04] Doctor reservations fetched: 1
[2025-04-09 11:58:04] Hospital reservations fetched: 2
[2025-04-09 11:58:04] Total reservations: 20
